

Started GET "/" for ::1 at 2015-02-10 10:31:16 +0200
Processing by Rails::WelcomeController#index as HTML
  Rendered /home/dimitris/.rvm/gems/ruby-2.1.0/gems/railties-4.2.0.beta4/lib/rails/templates/rails/welcome/index.html.erb (1.8ms)
Completed 200 OK in 29ms (Views: 12.7ms | ActiveRecord: 0.0ms)


Started GET "/tests/1" for ::1 at 2015-02-10 10:31:22 +0200

ActionController::RoutingError (No route matches [GET] "/tests/1"):
  web-console (2.0.0) lib/action_dispatch/debug_exceptions.rb:22:in `middleware_call'
  web-console (2.0.0) lib/action_dispatch/debug_exceptions.rb:13:in `call'
  actionpack (4.2.0.beta4) lib/action_dispatch/middleware/show_exceptions.rb:30:in `call'
  railties (4.2.0.beta4) lib/rails/rack/logger.rb:38:in `call_app'
  railties (4.2.0.beta4) lib/rails/rack/logger.rb:20:in `block in call'
  activesupport (4.2.0.beta4) lib/active_support/tagged_logging.rb:68:in `block in tagged'
  activesupport (4.2.0.beta4) lib/active_support/tagged_logging.rb:26:in `tagged'
  activesupport (4.2.0.beta4) lib/active_support/tagged_logging.rb:68:in `tagged'
  railties (4.2.0.beta4) lib/rails/rack/logger.rb:20:in `call'
  actionpack (4.2.0.beta4) lib/action_dispatch/middleware/request_id.rb:21:in `call'
  rack (1.6.0) lib/rack/methodoverride.rb:22:in `call'
  rack (1.6.0) lib/rack/runtime.rb:18:in `call'
  activesupport (4.2.0.beta4) lib/active_support/cache/strategy/local_cache_middleware.rb:28:in `call'
  rack (1.6.0) lib/rack/lock.rb:17:in `call'
  actionpack (4.2.0.beta4) lib/action_dispatch/middleware/static.rb:113:in `call'
  rack (1.6.0) lib/rack/sendfile.rb:113:in `call'
  railties (4.2.0.beta4) lib/rails/engine.rb:514:in `call'
  railties (4.2.0.beta4) lib/rails/application.rb:161:in `call'
  rack (1.6.0) lib/rack/lock.rb:17:in `call'
  rack (1.6.0) lib/rack/content_length.rb:15:in `call'
  rack (1.6.0) lib/rack/handler/webrick.rb:89:in `service'
  /home/dimitris/.rvm/rubies/ruby-2.1.0/lib/ruby/2.1.0/webrick/httpserver.rb:138:in `service'
  /home/dimitris/.rvm/rubies/ruby-2.1.0/lib/ruby/2.1.0/webrick/httpserver.rb:94:in `run'
  /home/dimitris/.rvm/rubies/ruby-2.1.0/lib/ruby/2.1.0/webrick/server.rb:295:in `block in start_thread'


  Rendered /home/dimitris/.rvm/gems/ruby-2.1.0/gems/web-console-2.0.0/lib/action_dispatch/templates/rescues/_trace.html.erb (1.5ms)
  Rendered /home/dimitris/.rvm/gems/ruby-2.1.0/gems/web-console-2.0.0/lib/action_dispatch/templates/routes/_route.html.erb (0.8ms)
  Rendered /home/dimitris/.rvm/gems/ruby-2.1.0/gems/web-console-2.0.0/lib/action_dispatch/templates/routes/_table.html.erb (8.5ms)
  Rendered /home/dimitris/.rvm/gems/ruby-2.1.0/gems/web-console-2.0.0/lib/action_dispatch/templates/rescues/_request_and_response.html.erb (1.5ms)
  Rendered /home/dimitris/.rvm/gems/ruby-2.1.0/gems/web-console-2.0.0/lib/action_dispatch/templates/rescues/_web_console.html.erb (0.9ms)
  Rendered /home/dimitris/.rvm/gems/ruby-2.1.0/gems/web-console-2.0.0/lib/action_dispatch/templates/rescues/routing_error.html.erb within rescues/layout (36.2ms)


Started GET "/tests" for ::1 at 2015-02-10 10:31:31 +0200

ActionController::RoutingError (No route matches [GET] "/tests"):
  web-console (2.0.0) lib/action_dispatch/debug_exceptions.rb:22:in `middleware_call'
  web-console (2.0.0) lib/action_dispatch/debug_exceptions.rb:13:in `call'
  actionpack (4.2.0.beta4) lib/action_dispatch/middleware/show_exceptions.rb:30:in `call'
  railties (4.2.0.beta4) lib/rails/rack/logger.rb:38:in `call_app'
  railties (4.2.0.beta4) lib/rails/rack/logger.rb:20:in `block in call'
  activesupport (4.2.0.beta4) lib/active_support/tagged_logging.rb:68:in `block in tagged'
  activesupport (4.2.0.beta4) lib/active_support/tagged_logging.rb:26:in `tagged'
  activesupport (4.2.0.beta4) lib/active_support/tagged_logging.rb:68:in `tagged'
  railties (4.2.0.beta4) lib/rails/rack/logger.rb:20:in `call'
  actionpack (4.2.0.beta4) lib/action_dispatch/middleware/request_id.rb:21:in `call'
  rack (1.6.0) lib/rack/methodoverride.rb:22:in `call'
  rack (1.6.0) lib/rack/runtime.rb:18:in `call'
  activesupport (4.2.0.beta4) lib/active_support/cache/strategy/local_cache_middleware.rb:28:in `call'
  rack (1.6.0) lib/rack/lock.rb:17:in `call'
  actionpack (4.2.0.beta4) lib/action_dispatch/middleware/static.rb:113:in `call'
  rack (1.6.0) lib/rack/sendfile.rb:113:in `call'
  railties (4.2.0.beta4) lib/rails/engine.rb:514:in `call'
  railties (4.2.0.beta4) lib/rails/application.rb:161:in `call'
  rack (1.6.0) lib/rack/lock.rb:17:in `call'
  rack (1.6.0) lib/rack/content_length.rb:15:in `call'
  rack (1.6.0) lib/rack/handler/webrick.rb:89:in `service'
  /home/dimitris/.rvm/rubies/ruby-2.1.0/lib/ruby/2.1.0/webrick/httpserver.rb:138:in `service'
  /home/dimitris/.rvm/rubies/ruby-2.1.0/lib/ruby/2.1.0/webrick/httpserver.rb:94:in `run'
  /home/dimitris/.rvm/rubies/ruby-2.1.0/lib/ruby/2.1.0/webrick/server.rb:295:in `block in start_thread'


  Rendered /home/dimitris/.rvm/gems/ruby-2.1.0/gems/web-console-2.0.0/lib/action_dispatch/templates/rescues/_trace.html.erb (1.5ms)
  Rendered /home/dimitris/.rvm/gems/ruby-2.1.0/gems/web-console-2.0.0/lib/action_dispatch/templates/routes/_route.html.erb (0.8ms)
  Rendered /home/dimitris/.rvm/gems/ruby-2.1.0/gems/web-console-2.0.0/lib/action_dispatch/templates/routes/_table.html.erb (1.0ms)
  Rendered /home/dimitris/.rvm/gems/ruby-2.1.0/gems/web-console-2.0.0/lib/action_dispatch/templates/rescues/_request_and_response.html.erb (1.2ms)
  Rendered /home/dimitris/.rvm/gems/ruby-2.1.0/gems/web-console-2.0.0/lib/action_dispatch/templates/rescues/_web_console.html.erb (0.9ms)
  Rendered /home/dimitris/.rvm/gems/ruby-2.1.0/gems/web-console-2.0.0/lib/action_dispatch/templates/rescues/routing_error.html.erb within rescues/layout (22.0ms)


Started GET "/dashboard/tests/1" for ::1 at 2015-02-10 10:31:54 +0200

LoadError (Unable to autoload constant Dashboard::TestsController, expected /home/dimitris/workspace/sample_app/app/controllers/dashboard/tests_controller.rb to define it):
  activesupport (4.2.0.beta4) lib/active_support/dependencies.rb:490:in `load_missing_constant'
  activesupport (4.2.0.beta4) lib/active_support/dependencies.rb:184:in `const_missing'
  activesupport (4.2.0.beta4) lib/active_support/inflector/methods.rb:263:in `const_get'
  activesupport (4.2.0.beta4) lib/active_support/inflector/methods.rb:263:in `block in constantize'
  activesupport (4.2.0.beta4) lib/active_support/inflector/methods.rb:259:in `each'
  activesupport (4.2.0.beta4) lib/active_support/inflector/methods.rb:259:in `inject'
  activesupport (4.2.0.beta4) lib/active_support/inflector/methods.rb:259:in `constantize'
  activesupport (4.2.0.beta4) lib/active_support/dependencies.rb:561:in `get'
  activesupport (4.2.0.beta4) lib/active_support/dependencies.rb:592:in `constantize'
  actionpack (4.2.0.beta4) lib/action_dispatch/routing/route_set.rb:69:in `controller_reference'
  actionpack (4.2.0.beta4) lib/action_dispatch/routing/route_set.rb:59:in `controller'
  actionpack (4.2.0.beta4) lib/action_dispatch/routing/route_set.rb:38:in `serve'
  actionpack (4.2.0.beta4) lib/action_dispatch/journey/router.rb:43:in `block in serve'
  actionpack (4.2.0.beta4) lib/action_dispatch/journey/router.rb:30:in `each'
  actionpack (4.2.0.beta4) lib/action_dispatch/journey/router.rb:30:in `serve'
  actionpack (4.2.0.beta4) lib/action_dispatch/routing/route_set.rb:780:in `call'
  rack (1.6.0) lib/rack/etag.rb:24:in `call'
  rack (1.6.0) lib/rack/conditionalget.rb:25:in `call'
  rack (1.6.0) lib/rack/head.rb:13:in `call'
  actionpack (4.2.0.beta4) lib/action_dispatch/middleware/params_parser.rb:27:in `call'
  actionpack (4.2.0.beta4) lib/action_dispatch/middleware/flash.rb:257:in `call'
  rack (1.6.0) lib/rack/session/abstract/id.rb:225:in `context'
  rack (1.6.0) lib/rack/session/abstract/id.rb:220:in `call'
  actionpack (4.2.0.beta4) lib/action_dispatch/middleware/cookies.rb:558:in `call'
  activerecord (4.2.0.beta4) lib/active_record/query_cache.rb:36:in `call'
  activerecord (4.2.0.beta4) lib/active_record/connection_adapters/abstract/connection_pool.rb:647:in `call'
  activerecord (4.2.0.beta4) lib/active_record/migration.rb:378:in `call'
  actionpack (4.2.0.beta4) lib/action_dispatch/middleware/callbacks.rb:29:in `block in call'
  activesupport (4.2.0.beta4) lib/active_support/callbacks.rb:88:in `call'
  activesupport (4.2.0.beta4) lib/active_support/callbacks.rb:88:in `_run_callbacks'
  activesupport (4.2.0.beta4) lib/active_support/callbacks.rb:734:in `_run_call_callbacks'
  activesupport (4.2.0.beta4) lib/active_support/callbacks.rb:81:in `run_callbacks'
  actionpack (4.2.0.beta4) lib/action_dispatch/middleware/callbacks.rb:27:in `call'
  actionpack (4.2.0.beta4) lib/action_dispatch/middleware/reloader.rb:73:in `call'
  actionpack (4.2.0.beta4) lib/action_dispatch/middleware/remote_ip.rb:78:in `call'
  web-console (2.0.0) lib/action_dispatch/debug_exceptions.rb:18:in `middleware_call'
  web-console (2.0.0) lib/action_dispatch/debug_exceptions.rb:13:in `call'
  actionpack (4.2.0.beta4) lib/action_dispatch/middleware/show_exceptions.rb:30:in `call'
  railties (4.2.0.beta4) lib/rails/rack/logger.rb:38:in `call_app'
  railties (4.2.0.beta4) lib/rails/rack/logger.rb:20:in `block in call'
  activesupport (4.2.0.beta4) lib/active_support/tagged_logging.rb:68:in `block in tagged'
  activesupport (4.2.0.beta4) lib/active_support/tagged_logging.rb:26:in `tagged'
  activesupport (4.2.0.beta4) lib/active_support/tagged_logging.rb:68:in `tagged'
  railties (4.2.0.beta4) lib/rails/rack/logger.rb:20:in `call'
  actionpack (4.2.0.beta4) lib/action_dispatch/middleware/request_id.rb:21:in `call'
  rack (1.6.0) lib/rack/methodoverride.rb:22:in `call'
  rack (1.6.0) lib/rack/runtime.rb:18:in `call'
  activesupport (4.2.0.beta4) lib/active_support/cache/strategy/local_cache_middleware.rb:28:in `call'
  rack (1.6.0) lib/rack/lock.rb:17:in `call'
  actionpack (4.2.0.beta4) lib/action_dispatch/middleware/static.rb:113:in `call'
  rack (1.6.0) lib/rack/sendfile.rb:113:in `call'
  railties (4.2.0.beta4) lib/rails/engine.rb:514:in `call'
  railties (4.2.0.beta4) lib/rails/application.rb:161:in `call'
  rack (1.6.0) lib/rack/lock.rb:17:in `call'
  rack (1.6.0) lib/rack/content_length.rb:15:in `call'
  rack (1.6.0) lib/rack/handler/webrick.rb:89:in `service'
  /home/dimitris/.rvm/rubies/ruby-2.1.0/lib/ruby/2.1.0/webrick/httpserver.rb:138:in `service'
  /home/dimitris/.rvm/rubies/ruby-2.1.0/lib/ruby/2.1.0/webrick/httpserver.rb:94:in `run'
  /home/dimitris/.rvm/rubies/ruby-2.1.0/lib/ruby/2.1.0/webrick/server.rb:295:in `block in start_thread'


  Rendered /home/dimitris/.rvm/gems/ruby-2.1.0/gems/web-console-2.0.0/lib/action_dispatch/templates/rescues/_source.erb (4.0ms)
  Rendered /home/dimitris/.rvm/gems/ruby-2.1.0/gems/web-console-2.0.0/lib/action_dispatch/templates/rescues/_trace.html.erb (1.9ms)
  Rendered /home/dimitris/.rvm/gems/ruby-2.1.0/gems/web-console-2.0.0/lib/action_dispatch/templates/rescues/_request_and_response.html.erb (17.5ms)
  Rendered /home/dimitris/.rvm/gems/ruby-2.1.0/gems/web-console-2.0.0/lib/action_dispatch/templates/rescues/_web_console.html.erb (0.9ms)
  Rendered /home/dimitris/.rvm/gems/ruby-2.1.0/gems/web-console-2.0.0/lib/action_dispatch/templates/rescues/diagnostics.html.erb within rescues/layout (37.6ms)


Started GET "/dashboard/tests/1" for ::1 at 2015-02-10 10:32:16 +0200
Processing by Dashboard::TestsController#show as HTML
  Parameters: {"id"=>"1"}
Redirected to http://localhost:10000target_url
Completed 302 Found in 1ms (ActiveRecord: 0.0ms)


Started GET "/dashboard/tests/1" for ::1 at 2015-02-10 10:32:16 +0200
Processing by Dashboard::TestsController#show as HTML
  Parameters: {"id"=>"1"}
Redirected to http://localhost:10000target_url
Completed 302 Found in 1ms (ActiveRecord: 0.0ms)


Started GET "/dashboard/tests/1" for ::1 at 2015-02-10 10:32:27 +0200
Processing by Dashboard::TestsController#show as HTML
  Parameters: {"id"=>"1"}
Redirected to http://localhost:10000target_url
Completed 302 Found in 17ms (ActiveRecord: 0.0ms)


Started GET "/dashboard/tests/1" for ::1 at 2015-02-10 10:32:29 +0200
Processing by Dashboard::TestsController#show as HTML
  Parameters: {"id"=>"1"}
Redirected to http://localhost:10000target_url
Completed 302 Found in 2ms (ActiveRecord: 0.0ms)


Started GET "/dashboard/tests/1" for ::1 at 2015-02-10 10:32:29 +0200
Processing by Dashboard::TestsController#show as HTML
  Parameters: {"id"=>"1"}
Redirected to http://localhost:10000target_url
Completed 302 Found in 1ms (ActiveRecord: 0.0ms)


Started GET "/dashboard/tests/1" for ::1 at 2015-02-10 10:33:33 +0200

SyntaxError (/home/dimitris/workspace/sample_app/app/controllers/dashboard/tests_controller.rb:6: syntax error, unexpected ')', expecting =>):
  app/controllers/dashboard/tests_controller.rb:6: syntax error, unexpected ')', expecting =>


  Rendered /home/dimitris/.rvm/gems/ruby-2.1.0/gems/web-console-2.0.0/lib/action_dispatch/templates/rescues/_source.erb (4.8ms)
  Rendered /home/dimitris/.rvm/gems/ruby-2.1.0/gems/web-console-2.0.0/lib/action_dispatch/templates/rescues/_trace.html.erb (2.2ms)
  Rendered /home/dimitris/.rvm/gems/ruby-2.1.0/gems/web-console-2.0.0/lib/action_dispatch/templates/rescues/_request_and_response.html.erb (1.2ms)
  Rendered /home/dimitris/.rvm/gems/ruby-2.1.0/gems/web-console-2.0.0/lib/action_dispatch/templates/rescues/_web_console.html.erb (0.9ms)
  Rendered /home/dimitris/.rvm/gems/ruby-2.1.0/gems/web-console-2.0.0/lib/action_dispatch/templates/rescues/diagnostics.html.erb within rescues/layout (22.5ms)


Started GET "/dashboard/tests/1" for ::1 at 2015-02-10 10:33:43 +0200
Processing by Dashboard::TestsController#show as HTML
  Parameters: {"id"=>"1"}
Completed 500 Internal Server Error in 1ms

ActionController::UrlGenerationError (No route matches {:action=>"index", :controller=>"dashboard/target", :id=>"1"}):
  app/controllers/dashboard/tests_controller.rb:6:in `show'


  Rendered /home/dimitris/.rvm/gems/ruby-2.1.0/gems/web-console-2.0.0/lib/action_dispatch/templates/rescues/_source.erb (5.8ms)
  Rendered /home/dimitris/.rvm/gems/ruby-2.1.0/gems/web-console-2.0.0/lib/action_dispatch/templates/rescues/_trace.html.erb (2.3ms)
  Rendered /home/dimitris/.rvm/gems/ruby-2.1.0/gems/web-console-2.0.0/lib/action_dispatch/templates/rescues/_request_and_response.html.erb (0.8ms)
  Rendered /home/dimitris/.rvm/gems/ruby-2.1.0/gems/web-console-2.0.0/lib/action_dispatch/templates/rescues/_web_console.html.erb (0.8ms)
  Rendered /home/dimitris/.rvm/gems/ruby-2.1.0/gems/web-console-2.0.0/lib/action_dispatch/templates/rescues/diagnostics.html.erb within rescues/layout (21.8ms)


Started GET "/dashboard/tests/1" for ::1 at 2015-02-10 10:34:17 +0200
Processing by Dashboard::TestsController#show as HTML
  Parameters: {"id"=>"1"}
Completed 500 Internal Server Error in 4ms

NameError (undefined local variable or method `target_url' for #<Dashboard::TestsController:0x000000048689f0>):
  app/controllers/dashboard/tests_controller.rb:7:in `show'


  Rendered /home/dimitris/.rvm/gems/ruby-2.1.0/gems/web-console-2.0.0/lib/action_dispatch/templates/rescues/_source.erb (5.7ms)
  Rendered /home/dimitris/.rvm/gems/ruby-2.1.0/gems/web-console-2.0.0/lib/action_dispatch/templates/rescues/_trace.html.erb (2.5ms)
  Rendered /home/dimitris/.rvm/gems/ruby-2.1.0/gems/web-console-2.0.0/lib/action_dispatch/templates/rescues/_request_and_response.html.erb (0.9ms)
  Rendered /home/dimitris/.rvm/gems/ruby-2.1.0/gems/web-console-2.0.0/lib/action_dispatch/templates/rescues/_web_console.html.erb (0.8ms)
  Rendered /home/dimitris/.rvm/gems/ruby-2.1.0/gems/web-console-2.0.0/lib/action_dispatch/templates/rescues/diagnostics.html.erb within rescues/layout (24.6ms)


Started GET "/dashboard/tests/1" for ::1 at 2015-02-10 10:34:25 +0200
Processing by Dashboard::TestsController#show as HTML
  Parameters: {"id"=>"1"}
Completed 500 Internal Server Error in 3ms

NameError (undefined local variable or method `targeturl' for #<Dashboard::TestsController:0x007ffc58411688>):
  app/controllers/dashboard/tests_controller.rb:7:in `show'


  Rendered /home/dimitris/.rvm/gems/ruby-2.1.0/gems/web-console-2.0.0/lib/action_dispatch/templates/rescues/_source.erb (6.0ms)
  Rendered /home/dimitris/.rvm/gems/ruby-2.1.0/gems/web-console-2.0.0/lib/action_dispatch/templates/rescues/_trace.html.erb (2.4ms)
  Rendered /home/dimitris/.rvm/gems/ruby-2.1.0/gems/web-console-2.0.0/lib/action_dispatch/templates/rescues/_request_and_response.html.erb (0.9ms)
  Rendered /home/dimitris/.rvm/gems/ruby-2.1.0/gems/web-console-2.0.0/lib/action_dispatch/templates/rescues/_web_console.html.erb (0.8ms)
  Rendered /home/dimitris/.rvm/gems/ruby-2.1.0/gems/web-console-2.0.0/lib/action_dispatch/templates/rescues/diagnostics.html.erb within rescues/layout (25.0ms)


Started GET "/dashboard/tests/1" for ::1 at 2015-02-10 10:34:39 +0200
Processing by Dashboard::TestsController#show as HTML
  Parameters: {"id"=>"1"}
Redirected to http://localhost:10000/targeturl
Completed 302 Found in 1ms (ActiveRecord: 0.0ms)


Started GET "/targeturl" for ::1 at 2015-02-10 10:34:39 +0200

ActionController::RoutingError (uninitialized constant TargetControllerController):
  activesupport (4.2.0.beta4) lib/active_support/inflector/methods.rb:261:in `const_get'
  activesupport (4.2.0.beta4) lib/active_support/inflector/methods.rb:261:in `block in constantize'
  activesupport (4.2.0.beta4) lib/active_support/inflector/methods.rb:259:in `each'
  activesupport (4.2.0.beta4) lib/active_support/inflector/methods.rb:259:in `inject'
  activesupport (4.2.0.beta4) lib/active_support/inflector/methods.rb:259:in `constantize'
  actionpack (4.2.0.beta4) lib/action_dispatch/routing/route_set.rb:69:in `controller_reference'
  actionpack (4.2.0.beta4) lib/action_dispatch/routing/route_set.rb:59:in `controller'
  actionpack (4.2.0.beta4) lib/action_dispatch/routing/route_set.rb:38:in `serve'
  actionpack (4.2.0.beta4) lib/action_dispatch/journey/router.rb:43:in `block in serve'
  actionpack (4.2.0.beta4) lib/action_dispatch/journey/router.rb:30:in `each'
  actionpack (4.2.0.beta4) lib/action_dispatch/journey/router.rb:30:in `serve'
  actionpack (4.2.0.beta4) lib/action_dispatch/routing/route_set.rb:780:in `call'
  rack (1.6.0) lib/rack/etag.rb:24:in `call'
  rack (1.6.0) lib/rack/conditionalget.rb:25:in `call'
  rack (1.6.0) lib/rack/head.rb:13:in `call'
  actionpack (4.2.0.beta4) lib/action_dispatch/middleware/params_parser.rb:27:in `call'
  actionpack (4.2.0.beta4) lib/action_dispatch/middleware/flash.rb:257:in `call'
  rack (1.6.0) lib/rack/session/abstract/id.rb:225:in `context'
  rack (1.6.0) lib/rack/session/abstract/id.rb:220:in `call'
  actionpack (4.2.0.beta4) lib/action_dispatch/middleware/cookies.rb:558:in `call'
  activerecord (4.2.0.beta4) lib/active_record/query_cache.rb:36:in `call'
  activerecord (4.2.0.beta4) lib/active_record/connection_adapters/abstract/connection_pool.rb:647:in `call'
  activerecord (4.2.0.beta4) lib/active_record/migration.rb:378:in `call'
  actionpack (4.2.0.beta4) lib/action_dispatch/middleware/callbacks.rb:29:in `block in call'
  activesupport (4.2.0.beta4) lib/active_support/callbacks.rb:88:in `call'
  activesupport (4.2.0.beta4) lib/active_support/callbacks.rb:88:in `_run_callbacks'
  activesupport (4.2.0.beta4) lib/active_support/callbacks.rb:734:in `_run_call_callbacks'
  activesupport (4.2.0.beta4) lib/active_support/callbacks.rb:81:in `run_callbacks'
  actionpack (4.2.0.beta4) lib/action_dispatch/middleware/callbacks.rb:27:in `call'
  actionpack (4.2.0.beta4) lib/action_dispatch/middleware/reloader.rb:73:in `call'
  actionpack (4.2.0.beta4) lib/action_dispatch/middleware/remote_ip.rb:78:in `call'
  web-console (2.0.0) lib/action_dispatch/debug_exceptions.rb:18:in `middleware_call'
  web-console (2.0.0) lib/action_dispatch/debug_exceptions.rb:13:in `call'
  actionpack (4.2.0.beta4) lib/action_dispatch/middleware/show_exceptions.rb:30:in `call'
  railties (4.2.0.beta4) lib/rails/rack/logger.rb:38:in `call_app'
  railties (4.2.0.beta4) lib/rails/rack/logger.rb:20:in `block in call'
  activesupport (4.2.0.beta4) lib/active_support/tagged_logging.rb:68:in `block in tagged'
  activesupport (4.2.0.beta4) lib/active_support/tagged_logging.rb:26:in `tagged'
  activesupport (4.2.0.beta4) lib/active_support/tagged_logging.rb:68:in `tagged'
  railties (4.2.0.beta4) lib/rails/rack/logger.rb:20:in `call'
  actionpack (4.2.0.beta4) lib/action_dispatch/middleware/request_id.rb:21:in `call'
  rack (1.6.0) lib/rack/methodoverride.rb:22:in `call'
  rack (1.6.0) lib/rack/runtime.rb:18:in `call'
  activesupport (4.2.0.beta4) lib/active_support/cache/strategy/local_cache_middleware.rb:28:in `call'
  rack (1.6.0) lib/rack/lock.rb:17:in `call'
  actionpack (4.2.0.beta4) lib/action_dispatch/middleware/static.rb:113:in `call'
  rack (1.6.0) lib/rack/sendfile.rb:113:in `call'
  railties (4.2.0.beta4) lib/rails/engine.rb:514:in `call'
  railties (4.2.0.beta4) lib/rails/application.rb:161:in `call'
  rack (1.6.0) lib/rack/lock.rb:17:in `call'
  rack (1.6.0) lib/rack/content_length.rb:15:in `call'
  rack (1.6.0) lib/rack/handler/webrick.rb:89:in `service'
  /home/dimitris/.rvm/rubies/ruby-2.1.0/lib/ruby/2.1.0/webrick/httpserver.rb:138:in `service'
  /home/dimitris/.rvm/rubies/ruby-2.1.0/lib/ruby/2.1.0/webrick/httpserver.rb:94:in `run'
  /home/dimitris/.rvm/rubies/ruby-2.1.0/lib/ruby/2.1.0/webrick/server.rb:295:in `block in start_thread'


  Rendered /home/dimitris/.rvm/gems/ruby-2.1.0/gems/web-console-2.0.0/lib/action_dispatch/templates/rescues/_trace.html.erb (1.7ms)
  Rendered /home/dimitris/.rvm/gems/ruby-2.1.0/gems/web-console-2.0.0/lib/action_dispatch/templates/routes/_route.html.erb (0.8ms)
  Rendered /home/dimitris/.rvm/gems/ruby-2.1.0/gems/web-console-2.0.0/lib/action_dispatch/templates/routes/_table.html.erb (6.3ms)
  Rendered /home/dimitris/.rvm/gems/ruby-2.1.0/gems/web-console-2.0.0/lib/action_dispatch/templates/rescues/_request_and_response.html.erb (1.6ms)
  Rendered /home/dimitris/.rvm/gems/ruby-2.1.0/gems/web-console-2.0.0/lib/action_dispatch/templates/rescues/_web_console.html.erb (1.0ms)
  Rendered /home/dimitris/.rvm/gems/ruby-2.1.0/gems/web-console-2.0.0/lib/action_dispatch/templates/rescues/routing_error.html.erb within rescues/layout (30.1ms)


Started GET "/targeturl" for ::1 at 2015-02-10 10:34:55 +0200
Processing by TargetController#index as HTML
  Rendered target/index.html within layouts/application (0.3ms)
Completed 200 OK in 481ms (Views: 480.6ms | ActiveRecord: 0.0ms)


Started GET "/assets/application-6104dfe918f9daf733a0654c847046eb.css?body=1" for ::1 at 2015-02-10 10:34:56 +0200


Started GET "/assets/jquery-dfb1e594c3e61a04cc388702c3feec1f.js?body=1" for ::1 at 2015-02-10 10:34:56 +0200


Started GET "/assets/jquery_ujs-d68671a1cc3ff7bd3f96ef9686111a5d.js?body=1" for ::1 at 2015-02-10 10:34:56 +0200


Started GET "/assets/turbolinks-4d1cf67a155baa47e340e4ee73edfe41.js?body=1" for ::1 at 2015-02-10 10:34:56 +0200


Started GET "/assets/application-9c82ea26e65f7b52f0a58a03aa8ae6b8.js?body=1" for ::1 at 2015-02-10 10:34:56 +0200


Started GET "/dashboard/tests/1" for ::1 at 2015-02-10 10:36:52 +0200
Processing by Dashboard::TestsController#show as HTML
  Parameters: {"id"=>"1"}
Completed 500 Internal Server Error in 2ms

ActionController::UrlGenerationError (No route matches {:action=>"index", :controller=>"dashboard/target", :id=>"1"}):
  app/controllers/dashboard/tests_controller.rb:7:in `show'


  Rendered /home/dimitris/.rvm/gems/ruby-2.1.0/gems/web-console-2.0.0/lib/action_dispatch/templates/rescues/_source.erb (6.6ms)
  Rendered /home/dimitris/.rvm/gems/ruby-2.1.0/gems/web-console-2.0.0/lib/action_dispatch/templates/rescues/_trace.html.erb (3.0ms)
  Rendered /home/dimitris/.rvm/gems/ruby-2.1.0/gems/web-console-2.0.0/lib/action_dispatch/templates/rescues/_request_and_response.html.erb (1.4ms)
  Rendered /home/dimitris/.rvm/gems/ruby-2.1.0/gems/web-console-2.0.0/lib/action_dispatch/templates/rescues/_web_console.html.erb (1.2ms)
  Rendered /home/dimitris/.rvm/gems/ruby-2.1.0/gems/web-console-2.0.0/lib/action_dispatch/templates/rescues/diagnostics.html.erb within rescues/layout (26.2ms)
